生成启动时间为 2017-6-22 4:46:23。
     1>项目“C:\Documents and Settings\Administrator\桌面\桌面\X666\X666.vcxproj”在节点 2 上(build 个目标)。
     1>InitializeBuildStatus:
         正在对“Debug\X666.unsuccessfulbuild”执行 Touch 任务。
       ClCompile:
         所有输出均为最新。
         E:\Program Files\Microsoft Visual Studio 10.0\VC\bin\CL.exe /c /ZI /nologo /W3 /WX- /Od /Oy- /D WIN32 /D _WINDOWS /D _DEBUG /D _UNICODE /D UNICODE /Gm /EHsc /RTC1 /MTd /GS /fp:precise /Zc:wchar_t /Zc:forScope /Yu"StdAfx.h" /Fp"Debug\X666.pch" /Fo"Debug\\" /Fd"Debug\vc100.pdb" /Gd /TP /analyze- /errorReport:prompt onfig.cpp
         onfig.cpp
       ResourceCompile:
         C:\Program Files\Microsoft SDKs\Windows\v7.0A\bin\rc.exe /D _DEBUG /D _UNICODE /D UNICODE /l"0x0804" /IDebug\ /nologo /fo"Debug\X666.res" X666.rc 
       ManifestResourceCompile:
         所有输出均为最新。
       Link:
         E:\Program Files\Microsoft Visual Studio 10.0\VC\bin\link.exe /ERRORREPORT:PROMPT /OUT:"C:\Documents and Settings\Administrator\桌面\桌面\X666\Debug\X666.exe" /INCREMENTAL /NOLOGO /MANIFEST /ManifestFile:"Debug\X666.exe.intermediate.manifest" /MANIFESTUAC:"level='asInvoker' uiAccess='false'" /DEBUG /PDB:"C:\Documents and Settings\Administrator\桌面\桌面\X666\Debug\X666.pdb" /SUBSYSTEM:WINDOWS /TLBID:1 /ENTRY:"wWinMainCRTStartup" /DYNAMICBASE /NXCOMPAT /IMPLIB:"C:\Documents and Settings\Administrator\桌面\桌面\X666\Debug\X666.lib" /MACHINE:X86 Debug\X666.res
         Debug\X666.exe.embed.manifest.res
         Debug\Ai_stone.obj
         Debug\MainFrm.obj
         Debug\onfig.obj
         Debug\Queue.obj
         Debug\stdafx.obj
         Debug\X666.obj
         Debug\X666Doc.obj
         Debug\X666View.obj
       Manifest:
         C:\Program Files\Microsoft SDKs\Windows\v7.0A\bin\mt.exe /nologo /verbose /out:"Debug\X666.exe.embed.manifest" /manifest Debug\X666.exe.intermediate.manifest "E:\Program Files\Microsoft Visual Studio 10.0\VC\Include\Manifest\dpiaware.manifest"
         所有输出均为最新。
       LinkEmbedManifest:
         所有输出均为最新。
         X666.vcxproj -> C:\Documents and Settings\Administrator\桌面\桌面\X666\Debug\X666.exe
       FinalizeBuildStatus:
         正在删除文件“Debug\X666.unsuccessfulbuild”。
         正在对“Debug\X666.lastbuildstate”执行 Touch 任务。
     1>已完成生成项目“C:\Documents and Settings\Administrator\桌面\桌面\X666\X666.vcxproj”(build 个目标)的操作。

生成成功。

已用时间 00:00:01.64
